<?xml version="1.0" encoding="UTF-8"?>
<!-- Generated by org.testng.reporters.JUnitXMLReporter -->
<testsuite ignored="0" hostname="Saven-L-146" failures="1" tests="1" name="ChromeTest(failed)" time="50.814" errors="0" timestamp="2025-07-30T12:12:53 IST">
  <testcase classname="testCases.TC_AssignProject_01" name="assignproject" time="43.79">
    <failure type="org.openqa.selenium.ElementClickInterceptedException" message="element click intercepted: Element &amp;lt;a id=&amp;quot;btnSaveClientProjectnew&amp;quot; class=&amp;quot;success button radius&amp;quot;&amp;gt;...&amp;lt;/a&amp;gt; is not clickable at point (1336, 118). Other element would receive the click: &amp;lt;input type=&amp;quot;text&amp;quot; id=&amp;quot;txtaddress1&amp;quot; name=&amp;quot;txtaddress1&amp;quot; maxlength=&amp;quot;200&amp;quot; readonly=&amp;quot;true&amp;quot; style=&amp;quot;background-color:#fff !important&amp;quot; class=&amp;quot;validinput&amp;quot;&amp;gt;
  (Session info: chrome=138.0.7204.158)
Build info: version: &amp;apos;4.33.0&amp;apos;, revision: &amp;apos;2c6aaad03a&amp;apos;
System info: os.name: &amp;apos;Windows 11&amp;apos;, os.arch: &amp;apos;amd64&amp;apos;, os.version: &amp;apos;10.0&amp;apos;, java.version: &amp;apos;21.0.3&amp;apos;
Driver info: org.openqa.selenium.chrome.ChromeDriver
Command: [cd4a6da6d646cef635869af5feb4a8d8, clickElement {id=f.B25BF10A1917E979C40EC1817D8B7619.d.4165378F3690C1523185E005437378AB.e.13047}]
Capabilities {acceptInsecureCerts: false, browserName: chrome, browserVersion: 138.0.7204.158, chrome: {chromedriverVersion: 138.0.7204.183 (e90faf484dd..., userDataDir: C:\Users\Nishitha\AppData\L...}, fedcm:accounts: true, goog:chromeOptions: {debuggerAddress: localhost:59685}, networkConnectionEnabled: false, pageLoadStrategy: normal, platformName: windows, proxy: Proxy(), se:cdp: ws://localhost:59685/devtoo..., se:cdpVersion: 138.0.7204.158, setWindowRect: true, strictFileInteractability: false, timeouts: {implicit: 0, pageLoad: 300000, script: 30000}, unhandledPromptBehavior: dismiss and notify, webauthn:extension:credBlob: true, webauthn:extension:largeBlob: true, webauthn:extension:minPinLength: true, webauthn:extension:prf: true, webauthn:virtualAuthenticators: true}
Element: [[ChromeDriver: chrome on windows (cd4a6da6d646cef635869af5feb4a8d8)] -&amp;gt; id: btnSaveClientProjectnew]
Session ID: cd4a6da6d646cef635869af5feb4a8d8">
      <![CDATA[org.openqa.selenium.ElementClickInterceptedException: element click intercepted: Element <a id="btnSaveClientProjectnew" class="success button radius">...</a> is not clickable at point (1336, 118). Other element would receive the click: <input type="text" id="txtaddress1" name="txtaddress1" maxlength="200" readonly="true" style="background-color:#fff !important" class="validinput">
  (Session info: chrome=138.0.7204.158)
Build info: version: '4.33.0', revision: '2c6aaad03a'
System info: os.name: 'Windows 11', os.arch: 'amd64', os.version: '10.0', java.version: '21.0.3'
Driver info: org.openqa.selenium.chrome.ChromeDriver
Command: [cd4a6da6d646cef635869af5feb4a8d8, clickElement {id=f.B25BF10A1917E979C40EC1817D8B7619.d.4165378F3690C1523185E005437378AB.e.13047}]
Capabilities {acceptInsecureCerts: false, browserName: chrome, browserVersion: 138.0.7204.158, chrome: {chromedriverVersion: 138.0.7204.183 (e90faf484dd..., userDataDir: C:\Users\Nishitha\AppData\L...}, fedcm:accounts: true, goog:chromeOptions: {debuggerAddress: localhost:59685}, networkConnectionEnabled: false, pageLoadStrategy: normal, platformName: windows, proxy: Proxy(), se:cdp: ws://localhost:59685/devtoo..., se:cdpVersion: 138.0.7204.158, setWindowRect: true, strictFileInteractability: false, timeouts: {implicit: 0, pageLoad: 300000, script: 30000}, unhandledPromptBehavior: dismiss and notify, webauthn:extension:credBlob: true, webauthn:extension:largeBlob: true, webauthn:extension:minPinLength: true, webauthn:extension:prf: true, webauthn:virtualAuthenticators: true}
Element: [[ChromeDriver: chrome on windows (cd4a6da6d646cef635869af5feb4a8d8)] -> id: btnSaveClientProjectnew]
Session ID: cd4a6da6d646cef635869af5feb4a8d8
at org.openqa.selenium.remote.ErrorCodec.decode(ErrorCodec.java:167)
at org.openqa.selenium.remote.codec.w3c.W3CHttpResponseCodec.decode(W3CHttpResponseCodec.java:138)
at org.openqa.selenium.remote.codec.w3c.W3CHttpResponseCodec.decode(W3CHttpResponseCodec.java:50)
at org.openqa.selenium.remote.HttpCommandExecutor.execute(HttpCommandExecutor.java:215)
at org.openqa.selenium.remote.service.DriverCommandExecutor.invokeExecute(DriverCommandExecutor.java:216)
at org.openqa.selenium.remote.service.DriverCommandExecutor.execute(DriverCommandExecutor.java:174)
at org.openqa.selenium.remote.RemoteWebDriver.execute(RemoteWebDriver.java:544)
at org.openqa.selenium.remote.RemoteWebElement.execute(RemoteWebElement.java:223)
at org.openqa.selenium.remote.RemoteWebElement.click(RemoteWebElement.java:76)
at org.openqa.selenium.support.pagefactory.internal.LocatingElementHandler.invoke(LocatingElementHandler.java:51)
at jdk.proxy2/jdk.proxy2.$Proxy30.click(Unknown Source)
at pageObjects.Projectspage.save(Projectspage.java:332)
at testCases.TC_AssignProject_01.assignproject(TC_AssignProject_01.java:69)
at java.base/java.util.ArrayList.forEach(ArrayList.java:1596)
... Removed 30 stack frames]]>
    </failure>
  </testcase> <!-- assignproject -->
</testsuite> <!-- ChromeTest(failed) -->
