<?xml version="1.0" encoding="UTF-8"?>
<!-- Generated by org.testng.reporters.JUnitXMLReporter -->
<testsuite ignored="0" hostname="Saven-L-146" failures="1" tests="3" name="ChromeTest" time="134.401" errors="0" timestamp="2025-09-01T15:56:15 IST">
  <testcase classname="testCases.TC_Login_01" name="Login" time="34.219"/>
  <testcase classname="testCases.TC_AddUser_01" name="createUser" time="36.625">
    <failure type="java.lang.AssertionError" message="null">
      <![CDATA[java.lang.AssertionError: null
at testCases.TC_AddUser_01.createUser(TC_AddUser_01.java:67)
at java.base/java.util.ArrayList.forEach(ArrayList.java:1596)
... Removed 27 stack frames]]>
    </failure>
  </testcase> <!-- createUser -->
  <testcase classname="testCases.TC_Addclient_01" name="createClients" time="47.08"/>
</testsuite> <!-- ChromeTest -->
