<?xml version="1.0" encoding="UTF-8"?>
<testng-results ignored="0" total="3" passed="2" failed="1" skipped="0">
  <reporter-output>
  </reporter-output>
  <suite started-at="2025-09-01T15:54:00 IST" name=" MasterSuite" finished-at="2025-09-01T15:56:15 IST" duration-ms="134401">
    <groups>
      <group name="Master">
        <method signature="TC_AddUser_01.createUser()[pri:0, instance:testCases.TC_AddUser_01@363042d7]" name="createUser" class="testCases.TC_AddUser_01"/>
        <method signature="TC_Addclient_01.createClients()[pri:0, instance:testCases.TC_Addclient_01@366ac49b]" name="createClients" class="testCases.TC_Addclient_01"/>
        <method signature="TC_Login_01.Login()[pri:0, instance:testCases.TC_Login_01@604f2bd2]" name="Login" class="testCases.TC_Login_01"/>
      </group> <!-- Master -->
      <group name="Sanity">
        <method signature="TC_Login_01.Login()[pri:0, instance:testCases.TC_Login_01@604f2bd2]" name="Login" class="testCases.TC_Login_01"/>
      </group> <!-- Sanity -->
      <group name="Regression">
        <method signature="TC_AddUser_01.createUser()[pri:0, instance:testCases.TC_AddUser_01@363042d7]" name="createUser" class="testCases.TC_AddUser_01"/>
        <method signature="TC_Addclient_01.createClients()[pri:0, instance:testCases.TC_Addclient_01@366ac49b]" name="createClients" class="testCases.TC_Addclient_01"/>
      </group> <!-- Regression -->
    </groups>
    <test started-at="2025-09-01T15:54:00 IST" name="ChromeTest" finished-at="2025-09-01T15:56:15 IST" duration-ms="134401">
      <class name="testCases.TC_Addclient_01">
        <test-method is-config="true" signature="setup(java.lang.String,java.lang.String)[pri:0, instance:testCases.TC_Addclient_01@366ac49b]" started-at="2025-09-01T15:55:22 IST" name="setup" finished-at="2025-09-01T15:55:27 IST" duration-ms="4815" status="PASS">
          <params>
            <param index="0">
              <value>
                <![CDATA[Windows]]>
              </value>
            </param>
            <param index="1">
              <value>
                <![CDATA[chrome]]>
              </value>
            </param>
          </params>
          <reporter-output>
          </reporter-output>
        </test-method> <!-- setup -->
        <test-method signature="createClients()[pri:0, instance:testCases.TC_Addclient_01@366ac49b]" started-at="2025-09-01T15:55:27 IST" name="createClients" finished-at="2025-09-01T15:56:14 IST" duration-ms="47080" status="PASS">
          <reporter-output>
          </reporter-output>
        </test-method> <!-- createClients -->
        <test-method is-config="true" signature="teardown()[pri:0, instance:testCases.TC_Addclient_01@366ac49b]" started-at="2025-09-01T15:56:14 IST" name="teardown" finished-at="2025-09-01T15:56:15 IST" duration-ms="259" status="PASS">
          <reporter-output>
          </reporter-output>
        </test-method> <!-- teardown -->
      </class> <!-- testCases.TC_Addclient_01 -->
      <class name="testCases.TC_AddUser_01">
        <test-method is-config="true" signature="setup(java.lang.String,java.lang.String)[pri:0, instance:testCases.TC_AddUser_01@363042d7]" started-at="2025-09-01T15:54:41 IST" name="setup" finished-at="2025-09-01T15:54:45 IST" duration-ms="4357" status="PASS">
          <params>
            <param index="0">
              <value>
                <![CDATA[Windows]]>
              </value>
            </param>
            <param index="1">
              <value>
                <![CDATA[chrome]]>
              </value>
            </param>
          </params>
          <reporter-output>
          </reporter-output>
        </test-method> <!-- setup -->
        <test-method signature="createUser()[pri:0, instance:testCases.TC_AddUser_01@363042d7]" started-at="2025-09-01T15:54:45 IST" name="createUser" finished-at="2025-09-01T15:55:22 IST" duration-ms="36625" status="FAIL">
          <exception class="java.lang.AssertionError">
            <message>
              <![CDATA[null]]>
            </message>
            <full-stacktrace>
              <![CDATA[java.lang.AssertionError: null
at org.testng.Assert.fail(Assert.java:111)
at org.testng.Assert.fail(Assert.java:116)
at testCases.TC_AddUser_01.createUser(TC_AddUser_01.java:67)
at java.base/jdk.internal.reflect.DirectMethodHandleAccessor.invoke(DirectMethodHandleAccessor.java:103)
at java.base/java.lang.reflect.Method.invoke(Method.java:580)
at org.testng.internal.invokers.MethodInvocationHelper.invokeMethod(MethodInvocationHelper.java:141)
at org.testng.internal.invokers.TestInvoker.invokeMethod(TestInvoker.java:686)
at org.testng.internal.invokers.TestInvoker.invokeTestMethod(TestInvoker.java:230)
at org.testng.internal.invokers.MethodRunner.runInSequence(MethodRunner.java:63)
at org.testng.internal.invokers.TestInvoker$MethodInvocationAgent.invoke(TestInvoker.java:992)
at org.testng.internal.invokers.TestInvoker.invokeTestMethods(TestInvoker.java:203)
at org.testng.internal.invokers.TestMethodWorker.invokeTestMethods(TestMethodWorker.java:154)
at org.testng.internal.invokers.TestMethodWorker.run(TestMethodWorker.java:134)
at java.base/java.util.ArrayList.forEach(ArrayList.java:1596)
at org.testng.TestRunner.privateRun(TestRunner.java:739)
at org.testng.TestRunner.run(TestRunner.java:614)
at org.testng.SuiteRunner.runTest(SuiteRunner.java:421)
at org.testng.SuiteRunner.runSequentially(SuiteRunner.java:413)
at org.testng.SuiteRunner.privateRun(SuiteRunner.java:373)
at org.testng.SuiteRunner.run(SuiteRunner.java:312)
at org.testng.SuiteRunnerWorker.runSuite(SuiteRunnerWorker.java:52)
at org.testng.SuiteRunnerWorker.run(SuiteRunnerWorker.java:95)
at org.testng.TestNG.runSuitesSequentially(TestNG.java:1274)
at org.testng.TestNG.runSuitesLocally(TestNG.java:1208)
at org.testng.TestNG.runSuites(TestNG.java:1112)
at org.testng.TestNG.run(TestNG.java:1079)
at org.testng.remote.AbstractRemoteTestNG.run(AbstractRemoteTestNG.java:115)
at org.testng.remote.RemoteTestNG.initAndRun(RemoteTestNG.java:293)
at org.testng.remote.RemoteTestNG.main(RemoteTestNG.java:91)
]]>
            </full-stacktrace>
          </exception> <!-- java.lang.AssertionError -->
          <reporter-output>
          </reporter-output>
        </test-method> <!-- createUser -->
        <test-method is-config="true" signature="teardown()[pri:0, instance:testCases.TC_AddUser_01@363042d7]" started-at="2025-09-01T15:55:22 IST" name="teardown" finished-at="2025-09-01T15:55:22 IST" duration-ms="243" status="PASS">
          <reporter-output>
          </reporter-output>
        </test-method> <!-- teardown -->
      </class> <!-- testCases.TC_AddUser_01 -->
      <class name="testCases.TC_Login_01">
        <test-method is-config="true" signature="setup(java.lang.String,java.lang.String)[pri:0, instance:testCases.TC_Login_01@604f2bd2]" started-at="2025-09-01T15:54:00 IST" name="setup" finished-at="2025-09-01T15:54:07 IST" duration-ms="6416" status="PASS">
          <params>
            <param index="0">
              <value>
                <![CDATA[Windows]]>
              </value>
            </param>
            <param index="1">
              <value>
                <![CDATA[chrome]]>
              </value>
            </param>
          </params>
          <reporter-output>
          </reporter-output>
        </test-method> <!-- setup -->
        <test-method signature="Login()[pri:0, instance:testCases.TC_Login_01@604f2bd2]" started-at="2025-09-01T15:54:07 IST" name="Login" finished-at="2025-09-01T15:54:41 IST" duration-ms="34219" status="PASS">
          <reporter-output>
          </reporter-output>
        </test-method> <!-- Login -->
        <test-method is-config="true" signature="teardown()[pri:0, instance:testCases.TC_Login_01@604f2bd2]" started-at="2025-09-01T15:54:41 IST" name="teardown" finished-at="2025-09-01T15:54:41 IST" duration-ms="229" status="PASS">
          <reporter-output>
          </reporter-output>
        </test-method> <!-- teardown -->
      </class> <!-- testCases.TC_Login_01 -->
    </test> <!-- ChromeTest -->
  </suite> <!--  MasterSuite -->
</testng-results>
